<?xml version="1.0" encoding="UTF-8"?>
<!-- Generated by org.testng.reporters.JUnitReportReporter -->
<testsuite hostname="DESKTOP-UPF6FK7" failures="0" tests="1" name="TestCase.TC_001_Regitration" time="7.282" errors="0" timestamp="2024-07-17T16:50:36 IST" skipped="0">
  <testcase classname="TestCase.TC_001_Regitration" name="AccountRegistration" time="7.282"/>
  <system-out/>
</testsuite> <!-- TestCase.TC_001_Regitration -->
